[ 2016-07-16T14:54:29+08:00 ] 127.0.0.1 /favicon.ico
INFO: [ app_init ] --START--
INFO: Run Behavior\BuildLiteBehavior [ RunTime:0.000012s ]
INFO: [ app_init ] --END-- [ RunTime:0.000381s ]
ERR: 无法加载模块:Favicon

[ 2016-07-16T14:54:29+08:00 ] 127.0.0.1 /favicon.ico
INFO: [ app_init ] --START--
INFO: Run Behavior\BuildLiteBehavior [ RunTime:0.000010s ]
INFO: [ app_init ] --END-- [ RunTime:0.000316s ]
ERR: 无法加载模块:Favicon

[ 2016-07-16T14:54:45+08:00 ] 127.0.0.1 /Public/upload/goods/thumb/104/goods_sub_thumb_384_60_60.jpeg
INFO: [ app_init ] --START--
INFO: Run Behavior\BuildLiteBehavior [ RunTime:0.000012s ]
INFO: [ app_init ] --END-- [ RunTime:0.000340s ]
ERR: 无法加载模块:Public

[ 2016-07-16T14:54:45+08:00 ] 127.0.0.1 /Public/upload/goods/thumb/104/goods_sub_thumb_383_60_60.jpeg
INFO: [ app_init ] --START--
INFO: Run Behavior\BuildLiteBehavior [ RunTime:0.000011s ]
INFO: [ app_init ] --END-- [ RunTime:0.000324s ]
ERR: 无法加载模块:Public

[ 2016-07-16T14:54:45+08:00 ] 127.0.0.1 /Public/upload/goods/thumb/104/goods_thumb_104_400_400.jpeg
INFO: [ app_init ] --START--
INFO: Run Behavior\BuildLiteBehavior [ RunTime:0.000014s ]
INFO: [ app_init ] --END-- [ RunTime:0.000343s ]
ERR: 无法加载模块:Public

[ 2016-07-16T14:54:45+08:00 ] 127.0.0.1 /Public/upload/goods/thumb/104/goods_sub_thumb_385_60_60.jpeg
INFO: [ app_init ] --START--
INFO: Run Behavior\BuildLiteBehavior [ RunTime:0.000013s ]
INFO: [ app_init ] --END-- [ RunTime:0.000366s ]
ERR: 无法加载模块:Public

[ 2016-07-16T14:54:45+08:00 ] 127.0.0.1 /Public/upload/goods/thumb/104/goods_thumb_104_400_400.jpeg
INFO: [ app_init ] --START--
INFO: Run Behavior\BuildLiteBehavior [ RunTime:0.000013s ]
INFO: [ app_init ] --END-- [ RunTime:0.000345s ]
ERR: 无法加载模块:Public

[ 2016-07-16T14:54:45+08:00 ] 127.0.0.1 /Public/upload/goods/thumb/104/goods_sub_thumb_383_60_60.jpeg
INFO: [ app_init ] --START--
INFO: Run Behavior\BuildLiteBehavior [ RunTime:0.000012s ]
INFO: [ app_init ] --END-- [ RunTime:0.000333s ]
ERR: 无法加载模块:Public

[ 2016-07-16T14:54:45+08:00 ] 127.0.0.1 /Public/upload/goods/thumb/104/goods_sub_thumb_384_60_60.jpeg
INFO: [ app_init ] --START--
INFO: Run Behavior\BuildLiteBehavior [ RunTime:0.000012s ]
INFO: [ app_init ] --END-- [ RunTime:0.000345s ]
ERR: 无法加载模块:Public

[ 2016-07-16T14:54:45+08:00 ] 127.0.0.1 /Public/upload/goods/thumb/104/goods_sub_thumb_385_60_60.jpeg
INFO: [ app_init ] --START--
INFO: Run Behavior\BuildLiteBehavior [ RunTime:0.000012s ]
INFO: [ app_init ] --END-- [ RunTime:0.000337s ]
ERR: 无法加载模块:Public

[ 2016-07-16T14:54:46+08:00 ] 127.0.0.1 /Public/upload/goods/thumb/104/goods_thumb_104_800_800.jpeg
INFO: [ app_init ] --START--
INFO: Run Behavior\BuildLiteBehavior [ RunTime:0.000027s ]
INFO: [ app_init ] --END-- [ RunTime:0.000469s ]
ERR: 无法加载模块:Public

[ 2016-07-16T14:54:56+08:00 ] 127.0.0.1 /Template/pc/default/Static/images/list/listicon.png?1234
INFO: [ app_init ] --START--
INFO: Run Behavior\BuildLiteBehavior [ RunTime:0.000011s ]
INFO: [ app_init ] --END-- [ RunTime:0.000353s ]
ERR: 无法加载模块:Template

[ 2016-07-16T14:54:56+08:00 ] 127.0.0.1 /Template/pc/default/Static/images/list/attrs-icon.png?1234
INFO: [ app_init ] --START--
INFO: Run Behavior\BuildLiteBehavior [ RunTime:0.000012s ]
INFO: [ app_init ] --END-- [ RunTime:0.000353s ]
ERR: 无法加载模块:Template

[ 2016-07-16T14:54:56+08:00 ] 127.0.0.1 /Template/pc/default/Static/images/list/attrs-bg.png?1234
INFO: [ app_init ] --START--
INFO: Run Behavior\BuildLiteBehavior [ RunTime:0.000013s ]
INFO: [ app_init ] --END-- [ RunTime:0.000441s ]
ERR: 无法加载模块:Template

[ 2016-07-16T14:54:56+08:00 ] 127.0.0.1 /Template/pc/default/Static/images/list/iconall_mod.png?03231649
INFO: [ app_init ] --START--
INFO: Run Behavior\BuildLiteBehavior [ RunTime:0.000014s ]
INFO: [ app_init ] --END-- [ RunTime:0.000340s ]
ERR: 无法加载模块:Template

[ 2016-07-16T14:54:58+08:00 ] 127.0.0.1 /Template/pc/default/Static/images/list/attrs-bg.png?1234
INFO: [ app_init ] --START--
INFO: Run Behavior\BuildLiteBehavior [ RunTime:0.000011s ]
INFO: [ app_init ] --END-- [ RunTime:0.000348s ]
ERR: 无法加载模块:Template

[ 2016-07-16T14:54:58+08:00 ] 127.0.0.1 /Template/pc/default/Static/images/list/attrs-icon.png?1234
INFO: [ app_init ] --START--
INFO: Run Behavior\BuildLiteBehavior [ RunTime:0.000012s ]
INFO: [ app_init ] --END-- [ RunTime:0.000320s ]
ERR: 无法加载模块:Template

[ 2016-07-16T14:54:58+08:00 ] 127.0.0.1 /Template/pc/default/Static/images/list/listicon.png?1234
INFO: [ app_init ] --START--
INFO: Run Behavior\BuildLiteBehavior [ RunTime:0.000013s ]
INFO: [ app_init ] --END-- [ RunTime:0.000335s ]
ERR: 无法加载模块:Template

[ 2016-07-16T14:54:58+08:00 ] 127.0.0.1 /Template/pc/default/Static/images/list/iconall_mod.png?03231649
INFO: [ app_init ] --START--
INFO: Run Behavior\BuildLiteBehavior [ RunTime:0.000012s ]
INFO: [ app_init ] --END-- [ RunTime:0.000326s ]
ERR: 无法加载模块:Template

[ 2016-07-16T14:55:00+08:00 ] 127.0.0.1 /Template/pc/default/Static/images/list/attrs-icon.png?1234
INFO: [ app_init ] --START--
INFO: Run Behavior\BuildLiteBehavior [ RunTime:0.000012s ]
INFO: [ app_init ] --END-- [ RunTime:0.000347s ]
ERR: 无法加载模块:Template

[ 2016-07-16T14:55:00+08:00 ] 127.0.0.1 /Template/pc/default/Static/images/list/iconall_mod.png?03231649
INFO: [ app_init ] --START--
INFO: Run Behavior\BuildLiteBehavior [ RunTime:0.000011s ]
INFO: [ app_init ] --END-- [ RunTime:0.000341s ]
ERR: 无法加载模块:Template

[ 2016-07-16T14:55:00+08:00 ] 127.0.0.1 /Template/pc/default/Static/images/list/attrs-bg.png?1234
INFO: [ app_init ] --START--
INFO: Run Behavior\BuildLiteBehavior [ RunTime:0.000012s ]
INFO: [ app_init ] --END-- [ RunTime:0.000325s ]
ERR: 无法加载模块:Template

[ 2016-07-16T14:55:00+08:00 ] 127.0.0.1 /Template/pc/default/Static/images/list/listicon.png?1234
INFO: [ app_init ] --START--
INFO: Run Behavior\BuildLiteBehavior [ RunTime:0.000016s ]
INFO: [ app_init ] --END-- [ RunTime:0.000372s ]
ERR: 无法加载模块:Template

[ 2016-07-16T14:55:03+08:00 ] 127.0.0.1 /Template/pc/default/Static/images/list/attrs-icon.png?1234
INFO: [ app_init ] --START--
INFO: Run Behavior\BuildLiteBehavior [ RunTime:0.000011s ]
INFO: [ app_init ] --END-- [ RunTime:0.000315s ]
ERR: 无法加载模块:Template

[ 2016-07-16T14:55:03+08:00 ] 127.0.0.1 /Template/pc/default/Static/images/list/attrs-bg.png?1234
INFO: [ app_init ] --START--
INFO: Run Behavior\BuildLiteBehavior [ RunTime:0.000012s ]
INFO: [ app_init ] --END-- [ RunTime:0.000323s ]
ERR: 无法加载模块:Template

[ 2016-07-16T14:55:03+08:00 ] 127.0.0.1 /Template/pc/default/Static/images/list/listicon.png?1234
INFO: [ app_init ] --START--
INFO: Run Behavior\BuildLiteBehavior [ RunTime:0.000011s ]
INFO: [ app_init ] --END-- [ RunTime:0.000336s ]
ERR: 无法加载模块:Template

[ 2016-07-16T14:55:03+08:00 ] 127.0.0.1 /Template/pc/default/Static/images/list/iconall_mod.png?03231649
INFO: [ app_init ] --START--
INFO: Run Behavior\BuildLiteBehavior [ RunTime:0.000015s ]
INFO: [ app_init ] --END-- [ RunTime:0.000485s ]
ERR: 无法加载模块:Template

[ 2016-07-16T14:55:07+08:00 ] 127.0.0.1 /Template/pc/default/Static/images/fn_index_1.png
INFO: [ app_init ] --START--
INFO: Run Behavior\BuildLiteBehavior [ RunTime:0.000014s ]
INFO: [ app_init ] --END-- [ RunTime:0.000353s ]
ERR: 无法加载模块:Template

[ 2016-07-16T14:55:10+08:00 ] 127.0.0.1 /Template/pc/default/Static/images/fn_index_1.png
INFO: [ app_init ] --START--
INFO: Run Behavior\BuildLiteBehavior [ RunTime:0.000014s ]
INFO: [ app_init ] --END-- [ RunTime:0.000360s ]
ERR: 无法加载模块:Template

[ 2016-07-16T14:55:12+08:00 ] 127.0.0.1 /Template/pc/default/Static/images/list/attrs-icon.png?1234
INFO: [ app_init ] --START--
INFO: Run Behavior\BuildLiteBehavior [ RunTime:0.000012s ]
INFO: [ app_init ] --END-- [ RunTime:0.000321s ]
ERR: 无法加载模块:Template

[ 2016-07-16T14:55:12+08:00 ] 127.0.0.1 /Template/pc/default/Static/images/list/attrs-bg.png?1234
INFO: [ app_init ] --START--
INFO: Run Behavior\BuildLiteBehavior [ RunTime:0.000011s ]
INFO: [ app_init ] --END-- [ RunTime:0.000452s ]
ERR: 无法加载模块:Template

[ 2016-07-16T14:55:12+08:00 ] 127.0.0.1 /Template/pc/default/Static/images/list/iconall_mod.png?03231649
INFO: [ app_init ] --START--
INFO: Run Behavior\BuildLiteBehavior [ RunTime:0.000011s ]
INFO: [ app_init ] --END-- [ RunTime:0.000321s ]
ERR: 无法加载模块:Template

[ 2016-07-16T14:55:12+08:00 ] 127.0.0.1 /Template/pc/default/Static/images/list/listicon.png?1234
INFO: [ app_init ] --START--
INFO: Run Behavior\BuildLiteBehavior [ RunTime:0.000012s ]
INFO: [ app_init ] --END-- [ RunTime:0.000330s ]
ERR: 无法加载模块:Template

[ 2016-07-16T14:55:14+08:00 ] 127.0.0.1 /Template/pc/default/Static/images/list/attrs-bg.png?1234
INFO: [ app_init ] --START--
INFO: Run Behavior\BuildLiteBehavior [ RunTime:0.000012s ]
INFO: [ app_init ] --END-- [ RunTime:0.000467s ]
ERR: 无法加载模块:Template

[ 2016-07-16T14:55:14+08:00 ] 127.0.0.1 /Template/pc/default/Static/images/list/iconall_mod.png?03231649
INFO: [ app_init ] --START--
INFO: Run Behavior\BuildLiteBehavior [ RunTime:0.000014s ]
INFO: [ app_init ] --END-- [ RunTime:0.000359s ]
ERR: 无法加载模块:Template

[ 2016-07-16T14:55:14+08:00 ] 127.0.0.1 /Template/pc/default/Static/images/list/attrs-icon.png?1234
INFO: [ app_init ] --START--
INFO: Run Behavior\BuildLiteBehavior [ RunTime:0.000011s ]
INFO: [ app_init ] --END-- [ RunTime:0.000318s ]
ERR: 无法加载模块:Template

[ 2016-07-16T14:55:14+08:00 ] 127.0.0.1 /Template/pc/default/Static/images/list/listicon.png?1234
INFO: [ app_init ] --START--
INFO: Run Behavior\BuildLiteBehavior [ RunTime:0.000012s ]
INFO: [ app_init ] --END-- [ RunTime:0.000321s ]
ERR: 无法加载模块:Template

[ 2016-07-16T14:55:15+08:00 ] 127.0.0.1 /Template/pc/default/Static/images/list/attrs-icon.png?1234
INFO: [ app_init ] --START--
INFO: Run Behavior\BuildLiteBehavior [ RunTime:0.000011s ]
INFO: [ app_init ] --END-- [ RunTime:0.000328s ]
ERR: 无法加载模块:Template

[ 2016-07-16T14:55:15+08:00 ] 127.0.0.1 /Template/pc/default/Static/images/list/attrs-bg.png?1234
INFO: [ app_init ] --START--
INFO: Run Behavior\BuildLiteBehavior [ RunTime:0.000011s ]
INFO: [ app_init ] --END-- [ RunTime:0.000320s ]
ERR: 无法加载模块:Template

[ 2016-07-16T14:55:15+08:00 ] 127.0.0.1 /Template/pc/default/Static/images/list/iconall_mod.png?03231649
INFO: [ app_init ] --START--
INFO: Run Behavior\BuildLiteBehavior [ RunTime:0.000011s ]
INFO: [ app_init ] --END-- [ RunTime:0.000327s ]
ERR: 无法加载模块:Template

[ 2016-07-16T14:55:15+08:00 ] 127.0.0.1 /Template/pc/default/Static/images/list/listicon.png?1234
INFO: [ app_init ] --START--
INFO: Run Behavior\BuildLiteBehavior [ RunTime:0.000012s ]
INFO: [ app_init ] --END-- [ RunTime:0.000326s ]
ERR: 无法加载模块:Template

[ 2016-07-16T14:55:16+08:00 ] 127.0.0.1 /Template/pc/default/Static/images/list/attrs-icon.png?1234
INFO: [ app_init ] --START--
INFO: Run Behavior\BuildLiteBehavior [ RunTime:0.000011s ]
INFO: [ app_init ] --END-- [ RunTime:0.000320s ]
ERR: 无法加载模块:Template

[ 2016-07-16T14:55:16+08:00 ] 127.0.0.1 /Template/pc/default/Static/images/list/iconall_mod.png?03231649
INFO: [ app_init ] --START--
INFO: Run Behavior\BuildLiteBehavior [ RunTime:0.000010s ]
INFO: [ app_init ] --END-- [ RunTime:0.000318s ]
ERR: 无法加载模块:Template

[ 2016-07-16T14:55:16+08:00 ] 127.0.0.1 /Template/pc/default/Static/images/list/attrs-bg.png?1234
INFO: [ app_init ] --START--
INFO: Run Behavior\BuildLiteBehavior [ RunTime:0.000010s ]
INFO: [ app_init ] --END-- [ RunTime:0.000317s ]
ERR: 无法加载模块:Template

[ 2016-07-16T14:55:16+08:00 ] 127.0.0.1 /Template/pc/default/Static/images/list/listicon.png?1234
INFO: [ app_init ] --START--
INFO: Run Behavior\BuildLiteBehavior [ RunTime:0.000016s ]
INFO: [ app_init ] --END-- [ RunTime:0.000349s ]
ERR: 无法加载模块:Template

[ 2016-07-16T14:58:15+08:00 ] 127.0.0.1 /Template/pc/default/Static/images/list/attrs-icon.png?1234
INFO: [ app_init ] --START--
INFO: Run Behavior\BuildLiteBehavior [ RunTime:0.000011s ]
INFO: [ app_init ] --END-- [ RunTime:0.000321s ]
ERR: 无法加载模块:Template

[ 2016-07-16T14:58:15+08:00 ] 127.0.0.1 /Template/pc/default/Static/images/list/attrs-bg.png?1234
INFO: [ app_init ] --START--
INFO: Run Behavior\BuildLiteBehavior [ RunTime:0.000011s ]
INFO: [ app_init ] --END-- [ RunTime:0.000377s ]
ERR: 无法加载模块:Template

[ 2016-07-16T14:58:15+08:00 ] 127.0.0.1 /Template/pc/default/Static/images/list/iconall_mod.png?03231649
INFO: [ app_init ] --START--
INFO: Run Behavior\BuildLiteBehavior [ RunTime:0.000011s ]
INFO: [ app_init ] --END-- [ RunTime:0.000340s ]
ERR: 无法加载模块:Template

[ 2016-07-16T14:58:15+08:00 ] 127.0.0.1 /Template/pc/default/Static/images/list/listicon.png?1234
INFO: [ app_init ] --START--
INFO: Run Behavior\BuildLiteBehavior [ RunTime:0.000012s ]
INFO: [ app_init ] --END-- [ RunTime:0.000344s ]
ERR: 无法加载模块:Template

[ 2016-07-16T14:58:16+08:00 ] 127.0.0.1 /Template/pc/default/Static/images/list/attrs-icon.png?1234
INFO: [ app_init ] --START--
INFO: Run Behavior\BuildLiteBehavior [ RunTime:0.000013s ]
INFO: [ app_init ] --END-- [ RunTime:0.000341s ]
ERR: 无法加载模块:Template

[ 2016-07-16T14:58:16+08:00 ] 127.0.0.1 /Template/pc/default/Static/images/list/attrs-bg.png?1234
INFO: [ app_init ] --START--
INFO: Run Behavior\BuildLiteBehavior [ RunTime:0.000012s ]
INFO: [ app_init ] --END-- [ RunTime:0.000329s ]
ERR: 无法加载模块:Template

[ 2016-07-16T14:58:16+08:00 ] 127.0.0.1 /Template/pc/default/Static/images/list/iconall_mod.png?03231649
INFO: [ app_init ] --START--
INFO: Run Behavior\BuildLiteBehavior [ RunTime:0.000011s ]
INFO: [ app_init ] --END-- [ RunTime:0.000336s ]
ERR: 无法加载模块:Template

[ 2016-07-16T14:58:16+08:00 ] 127.0.0.1 /Template/pc/default/Static/images/list/listicon.png?1234
INFO: [ app_init ] --START--
INFO: Run Behavior\BuildLiteBehavior [ RunTime:0.000012s ]
INFO: [ app_init ] --END-- [ RunTime:0.000329s ]
ERR: 无法加载模块:Template

[ 2016-07-16T14:58:17+08:00 ] 127.0.0.1 /Template/pc/default/Static/images/list/attrs-icon.png?1234
INFO: [ app_init ] --START--
INFO: Run Behavior\BuildLiteBehavior [ RunTime:0.000012s ]
INFO: [ app_init ] --END-- [ RunTime:0.000329s ]
ERR: 无法加载模块:Template

[ 2016-07-16T14:58:17+08:00 ] 127.0.0.1 /Template/pc/default/Static/images/list/listicon.png?1234
INFO: [ app_init ] --START--
INFO: Run Behavior\BuildLiteBehavior [ RunTime:0.000053s ]
INFO: [ app_init ] --END-- [ RunTime:0.000393s ]
ERR: 无法加载模块:Template

[ 2016-07-16T14:58:17+08:00 ] 127.0.0.1 /Template/pc/default/Static/images/list/attrs-bg.png?1234
INFO: [ app_init ] --START--
INFO: Run Behavior\BuildLiteBehavior [ RunTime:0.000012s ]
INFO: [ app_init ] --END-- [ RunTime:0.000327s ]
ERR: 无法加载模块:Template

[ 2016-07-16T14:58:17+08:00 ] 127.0.0.1 /Template/pc/default/Static/images/list/iconall_mod.png?03231649
INFO: [ app_init ] --START--
INFO: Run Behavior\BuildLiteBehavior [ RunTime:0.000014s ]
INFO: [ app_init ] --END-- [ RunTime:0.000764s ]
ERR: 无法加载模块:Template

[ 2016-07-16T14:58:19+08:00 ] 127.0.0.1 /Template/pc/default/Static/images/list/attrs-icon.png?1234
INFO: [ app_init ] --START--
INFO: Run Behavior\BuildLiteBehavior [ RunTime:0.000010s ]
INFO: [ app_init ] --END-- [ RunTime:0.000321s ]
ERR: 无法加载模块:Template

[ 2016-07-16T14:58:19+08:00 ] 127.0.0.1 /Template/pc/default/Static/images/list/iconall_mod.png?03231649
INFO: [ app_init ] --START--
INFO: Run Behavior\BuildLiteBehavior [ RunTime:0.000012s ]
INFO: [ app_init ] --END-- [ RunTime:0.000365s ]
ERR: 无法加载模块:Template

[ 2016-07-16T14:58:19+08:00 ] 127.0.0.1 /Template/pc/default/Static/images/list/listicon.png?1234
INFO: [ app_init ] --START--
INFO: Run Behavior\BuildLiteBehavior [ RunTime:0.000011s ]
INFO: [ app_init ] --END-- [ RunTime:0.000372s ]
ERR: 无法加载模块:Template

[ 2016-07-16T14:58:19+08:00 ] 127.0.0.1 /Template/pc/default/Static/images/list/attrs-bg.png?1234
INFO: [ app_init ] --START--
INFO: Run Behavior\BuildLiteBehavior [ RunTime:0.000012s ]
INFO: [ app_init ] --END-- [ RunTime:0.000326s ]
ERR: 无法加载模块:Template

[ 2016-07-16T14:58:19+08:00 ] 127.0.0.1 /Template/pc/default/Static/images/fn_index_1.png
INFO: [ app_init ] --START--
INFO: Run Behavior\BuildLiteBehavior [ RunTime:0.000012s ]
INFO: [ app_init ] --END-- [ RunTime:0.000369s ]
ERR: 无法加载模块:Template

