[ 2016-07-16T14:54:11+08:00 ] 127.0.0.1 /index.php/Admin/System/cleanCache
INFO: [ app_init ] --START--
INFO: Run Behavior\BuildLiteBehavior [ RunTime:0.000014s ]
INFO: [ app_init ] --END-- [ RunTime:0.000444s ]
INFO: [ app_begin ] --START--
INFO: Run Behavior\ReadHtmlCacheBehavior [ RunTime:0.000579s ]
INFO: [ app_begin ] --END-- [ RunTime:0.000656s ]
SQL: SHOW COLUMNS FROM `tp_config` [ RunTime:0.0035s ]
SQL: SELECT * FROM `tp_config`  [ RunTime:0.0003s ]
NOTIC: [8] Undefined index: cleanCache D:\wamp\www\svn_tpshop\www\Application\Admin\Common\function.php 第 71 行.
INFO: [ view_begin ] --START--
INFO: Run Home\Behaviors\testBehavior [ RunTime:0.000801s ]
INFO: [ view_begin ] --END-- [ RunTime:0.000850s ]
INFO: [ view_parse ] --START--
INFO: [ template_filter ] --START--
INFO: Run Behavior\ContentReplaceBehavior [ RunTime:0.000031s ]
INFO: [ template_filter ] --END-- [ RunTime:0.000067s ]
INFO: Run Behavior\ParseTemplateBehavior [ RunTime:0.005971s ]
INFO: [ view_parse ] --END-- [ RunTime:0.006011s ]
INFO: [ view_filter ] --START--
INFO: Run Behavior\WriteHtmlCacheBehavior [ RunTime:0.000314s ]
INFO: Run Behavior\TokenBuildBehavior [ RunTime:0.000442s ]
INFO: [ view_filter ] --END-- [ RunTime:0.000818s ]

[ 2016-07-16T14:54:19+08:00 ] 127.0.0.1 /index.php/Admin/System/cleanCache
INFO: [ app_init ] --START--
INFO: Run Behavior\BuildLiteBehavior [ RunTime:0.000012s ]
INFO: [ app_init ] --END-- [ RunTime:0.000432s ]
INFO: [ app_begin ] --START--
INFO: Run Behavior\ReadHtmlCacheBehavior [ RunTime:0.000494s ]
INFO: [ app_begin ] --END-- [ RunTime:0.000535s ]
SQL: SHOW COLUMNS FROM `tp_config` [ RunTime:0.0039s ]
SQL: SELECT * FROM `tp_config`  [ RunTime:0.0004s ]
NOTIC: [8] Undefined index: cleanCache D:\wamp\www\svn_tpshop\www\Application\Admin\Common\function.php 第 71 行.
INFO: [ view_begin ] --START--
INFO: Run Home\Behaviors\testBehavior [ RunTime:0.000424s ]
INFO: [ view_begin ] --END-- [ RunTime:0.000458s ]
INFO: [ view_parse ] --START--
INFO: [ template_filter ] --START--
INFO: Run Behavior\ContentReplaceBehavior [ RunTime:0.000042s ]
INFO: [ template_filter ] --END-- [ RunTime:0.000078s ]
INFO: Run Behavior\ParseTemplateBehavior [ RunTime:0.007377s ]
INFO: [ view_parse ] --END-- [ RunTime:0.007417s ]
INFO: [ view_filter ] --START--
INFO: Run Behavior\WriteHtmlCacheBehavior [ RunTime:0.000242s ]
INFO: Run Behavior\TokenBuildBehavior [ RunTime:0.000638s ]
INFO: [ view_filter ] --END-- [ RunTime:0.000929s ]
INFO: [ app_end ] --START--
INFO: Run Behavior\ShowPageTraceBehavior [ RunTime:0.000584s ]
INFO: [ app_end ] --END-- [ RunTime:0.000616s ]

[ 2016-07-16T14:54:28+08:00 ] 127.0.0.1 /index.php/Admin/System/login_task
INFO: [ app_init ] --START--
INFO: Run Behavior\BuildLiteBehavior [ RunTime:0.000012s ]
INFO: [ app_init ] --END-- [ RunTime:0.000367s ]
INFO: [ app_begin ] --START--
INFO: Run Behavior\ReadHtmlCacheBehavior [ RunTime:0.000681s ]
INFO: [ app_begin ] --END-- [ RunTime:0.000727s ]
SQL: SHOW COLUMNS FROM `tp_config` [ RunTime:0.0036s ]
SQL: SELECT * FROM `tp_config`  [ RunTime:0.0004s ]
NOTIC: [8] Undefined index: login_task D:\wamp\www\svn_tpshop\www\Application\Admin\Common\function.php 第 71 行.
SQL: SHOW COLUMNS FROM `tp_cart` [ RunTime:0.0039s ]
SQL: DELETE FROM `tp_cart` WHERE ( user_id = 0 and  add_time < 1468648468 ) [ RunTime:0.0006s ]
SQL: SHOW COLUMNS FROM `tp_config` [ RunTime:0.0038s ]
SQL: SELECT * FROM `tp_config` WHERE ( inc_type='shopping' )  [ RunTime:0.0003s ]
NOTIC: [8] Undefined index: auto_confirm_date D:\wamp\www\svn_tpshop\www\Application\Common\Common\common.php 第 502 行.
SQL: SHOW COLUMNS FROM `tp_order` [ RunTime:0.0039s ]
SQL: SELECT `order_id` FROM `tp_order` WHERE ( order_status = 1 and shipping_status = 1 and (1468652068 - shipping_time) >  0 )  [ RunTime:0.0009s ]
NOTIC: [2] Invalid argument supplied for foreach() D:\wamp\www\svn_tpshop\www\Application\Admin\Controller\SystemController.class.php 第 373 行.
SQL: SELECT * FROM `tp_config` WHERE ( inc_type='distribut' )  [ RunTime:0.0003s ]
SQL: SHOW COLUMNS FROM `tp_rebate_log` [ RunTime:0.0033s ]
SQL: SELECT * FROM `tp_rebate_log` WHERE ( status = 2 and (1468652068 - create_time) >  604800 )  [ RunTime:0.0005s ]
INFO: [ app_end ] --START--
INFO: Run Behavior\ShowPageTraceBehavior [ RunTime:0.000711s ]
INFO: [ app_end ] --END-- [ RunTime:0.000749s ]

[ 2016-07-16T15:14:30+08:00 ] 127.0.0.1 /index.php/Admin/Index/index
INFO: [ app_init ] --START--
INFO: Run Behavior\BuildLiteBehavior [ RunTime:0.000019s ]
INFO: [ app_init ] --END-- [ RunTime:0.000805s ]
INFO: [ app_begin ] --START--
INFO: Run Behavior\ReadHtmlCacheBehavior [ RunTime:0.000939s ]
INFO: [ app_begin ] --END-- [ RunTime:0.001011s ]
SQL: SHOW COLUMNS FROM `tp_config` [ RunTime:0.0039s ]
SQL: SELECT * FROM `tp_config`  [ RunTime:0.0005s ]
SQL: SHOW COLUMNS FROM `tp_system_module` [ RunTime:0.0078s ]
SQL: SELECT * FROM `tp_system_module` WHERE ( level>1 AND visible=1 ) ORDER BY mod_id ASC  [ RunTime:0.0014s ]
SQL: SHOW COLUMNS FROM `tp_admin` [ RunTime:0.0090s ]
SQL: SELECT * FROM `tp_admin` WHERE ( admin_id=1 ) LIMIT 1   [ RunTime:0.0003s ]
SQL: SHOW COLUMNS FROM `tp_order` [ RunTime:0.0042s ]
SQL: SELECT COUNT(*) AS tp_count FROM `tp_order` WHERE ( order_status=0 and (pay_status=1 or pay_code='cod') ) LIMIT 1   [ RunTime:0.0016s ]
INFO: [ view_begin ] --START--
INFO: Run Home\Behaviors\testBehavior [ RunTime:0.000902s ]
INFO: [ view_begin ] --END-- [ RunTime:0.000952s ]
INFO: [ view_parse ] --START--
INFO: [ template_filter ] --START--
INFO: Run Behavior\ContentReplaceBehavior [ RunTime:0.000082s ]
INFO: [ template_filter ] --END-- [ RunTime:0.000135s ]
INFO: Run Behavior\ParseTemplateBehavior [ RunTime:0.014045s ]
INFO: [ view_parse ] --END-- [ RunTime:0.014095s ]
INFO: [ view_filter ] --START--
INFO: Run Behavior\WriteHtmlCacheBehavior [ RunTime:0.000434s ]
INFO: Run Behavior\TokenBuildBehavior [ RunTime:0.001805s ]
INFO: [ view_filter ] --END-- [ RunTime:0.002305s ]
INFO: [ app_end ] --START--
INFO: Run Behavior\ShowPageTraceBehavior [ RunTime:0.000797s ]
INFO: [ app_end ] --END-- [ RunTime:0.000847s ]

[ 2016-07-16T15:14:31+08:00 ] 127.0.0.1 /index.php/Admin/System/login_task
INFO: [ app_init ] --START--
INFO: Run Behavior\BuildLiteBehavior [ RunTime:0.000026s ]
INFO: [ app_init ] --END-- [ RunTime:0.000392s ]
INFO: [ app_begin ] --START--
INFO: Run Behavior\ReadHtmlCacheBehavior [ RunTime:0.000578s ]
INFO: [ app_begin ] --END-- [ RunTime:0.000633s ]
SQL: SHOW COLUMNS FROM `tp_config` [ RunTime:0.0033s ]
SQL: SELECT * FROM `tp_config`  [ RunTime:0.0004s ]
NOTIC: [8] Undefined index: login_task D:\wamp\www\svn_tpshop\www\Application\Admin\Common\function.php 第 71 行.
SQL: SHOW COLUMNS FROM `tp_cart` [ RunTime:0.0039s ]
SQL: DELETE FROM `tp_cart` WHERE ( user_id = 0 and  add_time < 1468649671 ) [ RunTime:0.0006s ]
NOTIC: [8] Undefined index: auto_confirm_date D:\wamp\www\svn_tpshop\www\Application\Common\Common\common.php 第 502 行.
SQL: SHOW COLUMNS FROM `tp_order` [ RunTime:0.0038s ]
SQL: SELECT `order_id` FROM `tp_order` WHERE ( order_status = 1 and shipping_status = 1 and (1468653271 - shipping_time) >  0 )  [ RunTime:0.0008s ]
NOTIC: [2] Invalid argument supplied for foreach() D:\wamp\www\svn_tpshop\www\Application\Admin\Controller\SystemController.class.php 第 373 行.
SQL: SHOW COLUMNS FROM `tp_rebate_log` [ RunTime:0.0035s ]
SQL: SELECT * FROM `tp_rebate_log` WHERE ( status = 2 and (1468653271 - create_time) >  604800 )  [ RunTime:0.0004s ]
INFO: [ app_end ] --START--
INFO: Run Behavior\ShowPageTraceBehavior [ RunTime:0.000601s ]
INFO: [ app_end ] --END-- [ RunTime:0.000632s ]

[ 2016-07-16T15:14:31+08:00 ] 127.0.0.1 /index.php/Admin/System/cleanCache
INFO: [ app_init ] --START--
INFO: Run Behavior\BuildLiteBehavior [ RunTime:0.000011s ]
INFO: [ app_init ] --END-- [ RunTime:0.000433s ]
INFO: [ app_begin ] --START--
INFO: Run Behavior\ReadHtmlCacheBehavior [ RunTime:0.000622s ]
INFO: [ app_begin ] --END-- [ RunTime:0.000672s ]
SQL: SHOW COLUMNS FROM `tp_config` [ RunTime:0.0035s ]
SQL: SELECT * FROM `tp_config`  [ RunTime:0.0003s ]
NOTIC: [8] Undefined index: cleanCache D:\wamp\www\svn_tpshop\www\Application\Admin\Common\function.php 第 71 行.
INFO: [ view_begin ] --START--
INFO: Run Home\Behaviors\testBehavior [ RunTime:0.000688s ]
INFO: [ view_begin ] --END-- [ RunTime:0.000731s ]
INFO: [ view_parse ] --START--
INFO: [ template_filter ] --START--
INFO: Run Behavior\ContentReplaceBehavior [ RunTime:0.000044s ]
INFO: [ template_filter ] --END-- [ RunTime:0.000083s ]
INFO: Run Behavior\ParseTemplateBehavior [ RunTime:0.007594s ]
INFO: [ view_parse ] --END-- [ RunTime:0.007632s ]
INFO: [ view_filter ] --START--
INFO: Run Behavior\WriteHtmlCacheBehavior [ RunTime:0.000327s ]
INFO: Run Behavior\TokenBuildBehavior [ RunTime:0.000897s ]
INFO: [ view_filter ] --END-- [ RunTime:0.001274s ]
INFO: [ app_end ] --START--
INFO: Run Behavior\ShowPageTraceBehavior [ RunTime:0.000644s ]
INFO: [ app_end ] --END-- [ RunTime:0.000677s ]

[ 2016-07-16T15:14:35+08:00 ] 127.0.0.1 /index.php/Admin/Wechat/index
INFO: [ app_init ] --START--
INFO: Run Behavior\BuildLiteBehavior [ RunTime:0.000016s ]
INFO: [ app_init ] --END-- [ RunTime:0.000454s ]
INFO: [ app_begin ] --START--
INFO: Run Behavior\ReadHtmlCacheBehavior [ RunTime:0.000685s ]
INFO: [ app_begin ] --END-- [ RunTime:0.000740s ]
SQL: SHOW COLUMNS FROM `tp_config` [ RunTime:0.0036s ]
SQL: SELECT * FROM `tp_config`  [ RunTime:0.0004s ]
SQL: SHOW COLUMNS FROM `tp_wx_user` [ RunTime:0.0037s ]
SQL: SELECT * FROM `tp_wx_user`  [ RunTime:0.0004s ]
INFO: [ view_begin ] --START--
INFO: Run Home\Behaviors\testBehavior [ RunTime:0.000616s ]
INFO: [ view_begin ] --END-- [ RunTime:0.000653s ]
INFO: [ view_parse ] --START--
INFO: [ template_filter ] --START--
INFO: Run Behavior\ContentReplaceBehavior [ RunTime:0.000048s ]
INFO: [ template_filter ] --END-- [ RunTime:0.000087s ]
NOTIC: [2] date() expects parameter 2 to be long, string given D:\wamp\www\svn_tpshop\www\Application\Runtime\Cache\Admin\138883f8411c83891319bcbaf8069345.php 第 127 行.
NOTIC: [8] Use of undefined constant id - assumed 'id' D:\wamp\www\svn_tpshop\www\Application\Runtime\Cache\Admin\138883f8411c83891319bcbaf8069345.php 第 130 行.
INFO: Run Behavior\ParseTemplateBehavior [ RunTime:0.008626s ]
INFO: [ view_parse ] --END-- [ RunTime:0.008657s ]
INFO: [ view_filter ] --START--
INFO: Run Behavior\WriteHtmlCacheBehavior [ RunTime:0.000361s ]
INFO: Run Behavior\TokenBuildBehavior [ RunTime:0.000619s ]
INFO: [ view_filter ] --END-- [ RunTime:0.001030s ]
INFO: [ app_end ] --START--
INFO: Run Behavior\ShowPageTraceBehavior [ RunTime:0.000591s ]
INFO: [ app_end ] --END-- [ RunTime:0.000622s ]

